{"level":"info","message":"Enters user name: standard_user"}
{"level":"info","message":"Enters user name: standard_user"}
{"level":"info","message":"Click on next button"}
{"level":"info","message":"Entering password: secret_sauce"}
{"level":"info","message":"Enters user name: usertest@test.com"}
{"level":"info","message":"Click on next button"}
{"level":"info","message":"Entering password: test123"}
{"level":"info","message":"Click on the login button"}
{"level":"info","message":"Enters user name: usertest@test.com"}
{"level":"info","message":"Click on next button"}
{"level":"info","message":"Entering password: test123"}
{"level":"info","message":"Click on the login button"}
{"level":"info","message":"Retrieves the container of the contract card list"}
{"level":"info","message":"Enters user name: usertest@test.com"}
{"level":"info","message":"Click on next button"}
{"level":"info","message":"Entering password: test123"}
{"level":"info","message":"Click on the login button"}
{"level":"info","message":"Retrieves the container of the contract card list"}
{"level":"info","message":"Enters user name: usertest@test.com"}
{"level":"info","message":"Click on next button"}
{"level":"info","message":"Entering password: test123"}
{"level":"info","message":"Click on the login button"}
{"level":"info","message":"Retrieves the container of the contract card list"}
{"level":"info","message":"Enters user name: usertest@test.com"}
{"level":"info","message":"Click on next button"}
{"level":"info","message":"Entering password: test123"}
{"level":"info","message":"Click on Forms button"}
{"level":"info","message":"Click on Forms button"}
{"level":"info","message":"Press enter to search"}
{"level":"info","message":"Click on search bar"}
{"level":"info","message":"Enter keyword"}
{"level":"info","message":"Click on search button"}
{"level":"info","message":"Click on search bar"}
{"level":"info","message":"Enter keyword"}
{"level":"info","message":"Click on search button"}
{"level":"info","message":"Click on search bar"}
{"level":"info","message":"Enter keyword"}
{"level":"info","message":"Click on search button"}
{"level":"info","message":"Click on search bar"}
{"level":"info","message":"Enter keyword"}
{"level":"info","message":"Click on search button"}
{"level":"info","message":"Click on search bar"}
{"level":"info","message":"Enter keyword"}
{"level":"info","message":"Click on search button"}
{"level":"info","message":"Click on search bar"}
{"level":"info","message":"Enter keyword"}
{"level":"info","message":"Click on search button"}
{"level":"info","message":"Click on search bar"}
{"level":"info","message":"Enter keyword"}
{"level":"info","message":"Click on search button"}
{"level":"info","message":"Click on search bar"}
{"level":"info","message":"Enter keyword"}
{"level":"info","message":"Click on search button"}
{"level":"info","message":"Click on search bar"}
{"level":"info","message":"Enter keyword"}
{"level":"info","message":"Press enter to search"}
{"level":"info","message":"Click on Forms button"}
{"level":"info","message":"Click on Forms button"}
{"level":"info","message":"Press enter to search"}
{"level":"info","message":"Click on Forms button"}
{"level":"info","message":"Click on Forms button"}
{"level":"info","message":"Press enter to search"}
{"level":"info","message":"Click on the min internal memory field"}
{"level":"info","message":"Enter min memory"}
{"level":"info","message":"Click on the max internal memory field"}
{"level":"info","message":"Enter max memory"}
{"level":"info","message":"Submit internal memory filter"}
{"level":"info","message":"Click on search bar"}
{"level":"info","message":"Enter keyword"}
{"level":"info","message":"Press enter to search"}
{"level":"info","message":"Click on the min internal memory field"}
{"level":"info","message":"Enter min memory"}
{"level":"info","message":"Click on the max internal memory field"}
{"level":"info","message":"Enter max memory"}
{"level":"info","message":"Submit internal memory filter"}
{"level":"info","message":"Click on the free delivery option"}
{"level":"info","message":"Click on search bar"}
{"level":"info","message":"Enter keyword"}
{"level":"info","message":"Press enter to search"}
{"level":"info","message":"Click on the min internal memory field"}
{"level":"info","message":"Enter min memory"}
{"level":"info","message":"Click on the max internal memory field"}
{"level":"info","message":"Enter max memory"}
{"level":"info","message":"Submit internal memory filter"}
{"level":"info","message":"Click on the free delivery option"}
{"level":"info","message":"Click on search bar"}
{"level":"info","message":"Enter keyword"}
{"level":"info","message":"Press enter to search"}
{"level":"info","message":"Click on the min internal memory field"}
{"level":"info","message":"Enter min memory"}
{"level":"info","message":"Click on the max internal memory field"}
{"level":"info","message":"Enter max memory"}
{"level":"info","message":"Submit internal memory filter"}
{"level":"info","message":"Click on the free delivery option"}
{"level":"info","message":"Click on search bar"}
{"level":"info","message":"Enter keyword"}
{"level":"info","message":"Press enter to search"}
{"level":"info","message":"Click on the min internal memory field"}
{"level":"info","message":"Enter min memory"}
{"level":"info","message":"Click on the max internal memory field"}
{"level":"info","message":"Enter max memory"}
{"level":"info","message":"Submit internal memory filter"}
{"level":"info","message":"Click on the free delivery option"}
{"level":"info","message":"Click on search bar"}
{"level":"info","message":"Enter keyword"}
{"level":"info","message":"Press enter to search"}
{"level":"info","message":"Click on the min internal memory field"}
{"level":"info","message":"Enter min memory"}
{"level":"info","message":"Click on the max internal memory field"}
{"level":"info","message":"Enter max memory"}
{"level":"info","message":"Submit internal memory filter"}
{"level":"info","message":"Click on the free delivery option"}
{"level":"info","message":"Click on first result"}
{"level":"info","message":"Click on search bar"}
{"level":"info","message":"Enter keyword"}
{"level":"info","message":"Press enter to search"}
{"level":"info","message":"Click on the min internal memory field"}
{"level":"info","message":"Enter min memory"}
{"level":"info","message":"Click on the max internal memory field"}
{"level":"info","message":"Enter max memory"}
{"level":"info","message":"Submit internal memory filter"}
{"level":"info","message":"Click on the free delivery option"}
{"level":"info","message":"Click on first result"}
{"level":"info","message":"Click on search bar"}
{"level":"info","message":"Enter keyword"}
{"level":"info","message":"Press enter to search"}
{"level":"info","message":"Click on the min internal memory field"}
{"level":"info","message":"Enter min memory"}
{"level":"info","message":"Click on the max internal memory field"}
{"level":"info","message":"Enter max memory"}
{"level":"info","message":"Submit internal memory filter"}
{"level":"info","message":"Click on the free delivery option"}
{"level":"info","message":"Click on first result"}
{"level":"info","message":"Click on search bar"}
{"level":"info","message":"Enter keyword"}
{"level":"info","message":"Press enter to search"}
{"level":"info","message":"Click on the min internal memory field"}
{"level":"info","message":"Enter min memory"}
{"level":"info","message":"Click on the max internal memory field"}
{"level":"info","message":"Enter max memory"}
{"level":"info","message":"Submit internal memory filter"}
{"level":"info","message":"Click on the free delivery option"}
{"level":"info","message":"Click on first result"}
{"level":"info","message":"Click on first result"}
{"level":"info","message":"Click on search bar"}
{"level":"info","message":"Enter keyword"}
{"level":"info","message":"Press enter to search"}
{"level":"info","message":"Click on the min internal memory field"}
{"level":"info","message":"Enter min memory"}
{"level":"info","message":"Click on the max internal memory field"}
{"level":"info","message":"Enter max memory"}
{"level":"info","message":"Submit internal memory filter"}
{"level":"info","message":"Click on the free delivery option"}
{"level":"info","message":"Click on first result"}
{"level":"info","message":"Click on first result"}
{"level":"info","message":"Click on search bar"}
{"level":"info","message":"Enter keyword"}
{"level":"info","message":"Press enter to search"}
{"level":"info","message":"Click on the min internal memory field"}
{"level":"info","message":"Enter min memory"}
{"level":"info","message":"Click on the max internal memory field"}
{"level":"info","message":"Enter max memory"}
{"level":"info","message":"Submit internal memory filter"}
{"level":"info","message":"Click on the free delivery option"}
{"level":"info","message":"Click on first result"}
{"level":"info","message":"Click on first result"}
{"level":"info","message":"Click on search bar"}
{"level":"info","message":"Enter keyword"}
{"level":"info","message":"Press enter to search"}
{"level":"info","message":"Click on the min internal memory field"}
{"level":"info","message":"Enter min memory"}
{"level":"info","message":"Click on the max internal memory field"}
{"level":"info","message":"Enter max memory"}
{"level":"info","message":"Submit internal memory filter"}
{"level":"info","message":"Click on the free delivery option"}
{"level":"info","message":"Click on mas tarde message"}
{"level":"info","message":"Click on first result"}
{"level":"info","message":"Click on first result"}
{"level":"info","message":"Click on search bar"}
{"level":"info","message":"Enter keyword"}
{"level":"info","message":"Press enter to search"}
{"level":"info","message":"Click on the min internal memory field"}
{"level":"info","message":"Enter min memory"}
{"level":"info","message":"Click on the max internal memory field"}
{"level":"info","message":"Enter max memory"}
{"level":"info","message":"Submit internal memory filter"}
{"level":"info","message":"Click on the free delivery option"}
{"level":"info","message":"Click on mas tarde message"}
{"level":"info","message":"Click on first result"}
{"level":"info","message":"Click on search bar"}
{"level":"info","message":"Enter keyword"}
{"level":"info","message":"Press enter to search"}
{"level":"info","message":"Click on the min internal memory field"}
{"level":"info","message":"Enter min memory"}
{"level":"info","message":"Click on the max internal memory field"}
{"level":"info","message":"Enter max memory"}
{"level":"info","message":"Submit internal memory filter"}
{"level":"info","message":"Click on the free delivery option"}
{"level":"info","message":"Click on mas tarde message"}
{"level":"info","message":"Click on first result"}
{"level":"info","message":"Click on first result"}
{"level":"info","message":"Click on search bar"}
{"level":"info","message":"Enter keyword"}
{"level":"info","message":"Press enter to search"}
{"level":"info","message":"Click on the min internal memory field"}
{"level":"info","message":"Enter min memory"}
{"level":"info","message":"Click on the max internal memory field"}
{"level":"info","message":"Enter max memory"}
{"level":"info","message":"Submit internal memory filter"}
{"level":"info","message":"Click on the free delivery option"}
{"level":"info","message":"Click on mas tarde message"}
{"level":"info","message":"Click on first result"}
{"level":"info","message":"Click on first result"}
{"level":"info","message":"Click on search bar"}
{"level":"info","message":"Enter keyword"}
{"level":"info","message":"Press enter to search"}
{"level":"info","message":"Click on the min internal memory field"}
{"level":"info","message":"Enter min memory"}
{"level":"info","message":"Click on the max internal memory field"}
{"level":"info","message":"Enter max memory"}
{"level":"info","message":"Submit internal memory filter"}
{"level":"info","message":"Click on the free delivery option"}
{"level":"info","message":"Click on search bar"}
{"level":"info","message":"Enter keyword"}
{"level":"info","message":"Press enter to search"}
{"level":"info","message":"Click on the min internal memory field"}
{"level":"info","message":"Enter min memory"}
{"level":"info","message":"Click on the max internal memory field"}
{"level":"info","message":"Enter max memory"}
{"level":"info","message":"Submit internal memory filter"}
{"level":"info","message":"Click on the free delivery option"}
{"level":"info","message":"Click on mas tarde message"}
{"level":"info","message":"Click on first result"}
{"level":"info","message":"Click on first result"}
{"level":"info","message":"Gets error message. Product not found"}
{"level":"info","message":"Click on search bar"}
{"level":"info","message":"Enter keyword"}
{"level":"info","message":"Press enter to search"}
{"level":"info","message":"Click on the min internal memory field"}
{"level":"info","message":"Enter min memory"}
{"level":"info","message":"Click on the max internal memory field"}
{"level":"info","message":"Enter max memory"}
{"level":"info","message":"Submit internal memory filter"}
{"level":"info","message":"Click on the free delivery option"}
{"level":"info","message":"Click on mas tarde message"}
{"level":"info","message":"Click on first result"}
{"level":"info","message":"Click on first result"}
{"level":"info","message":"Gets login request message"}
{"level":"info","message":"Click on search bar"}
{"level":"info","message":"Enter keyword"}
{"level":"info","message":"Press enter to search"}
{"level":"info","message":"Click on the min internal memory field"}
{"level":"info","message":"Enter min memory"}
{"level":"info","message":"Click on the max internal memory field"}
{"level":"info","message":"Enter max memory"}
{"level":"info","message":"Submit internal memory filter"}
{"level":"info","message":"Click on the free delivery option"}
{"level":"info","message":"Click on mas tarde message"}
{"level":"info","message":"Click on first result"}
{"level":"info","message":"Click on first result"}
{"level":"info","message":"Gets login request message"}
{"level":"info","message":"Click on search bar"}
{"level":"info","message":"Enter keyword"}
{"level":"info","message":"Press enter to search"}
{"level":"info","message":"Click on the min internal memory field"}
{"level":"info","message":"Enter min memory"}
{"level":"info","message":"Click on the max internal memory field"}
{"level":"info","message":"Enter max memory"}
{"level":"info","message":"Submit internal memory filter"}
{"level":"info","message":"Click on the free delivery option"}
{"level":"info","message":"Click on mas tarde message"}
{"level":"info","message":"Click on first result"}
{"level":"info","message":"Click on first result"}
{"level":"info","message":"Gets login request message"}
{"level":"info","message":"Click on search bar"}
{"level":"info","message":"Enter keyword"}
{"level":"info","message":"Press enter to search"}
{"level":"info","message":"Click on the min internal memory field"}
{"level":"info","message":"Enter min memory"}
{"level":"info","message":"Click on the max internal memory field"}
{"level":"info","message":"Enter max memory"}
{"level":"info","message":"Submit internal memory filter"}
{"level":"info","message":"Click on the free delivery option"}
{"level":"info","message":"Click on mas tarde message"}
{"level":"info","message":"Click on first result"}
{"level":"info","message":"Click on first result"}
{"level":"info","message":"Click on ingresar button"}
{"level":"info","message":"Gets login request message"}
{"level":"info","message":"Click on search bar"}
{"level":"info","message":"Enter keyword"}
{"level":"info","message":"Press enter to search"}
{"level":"info","message":"Click on the min internal memory field"}
{"level":"info","message":"Enter min memory"}
{"level":"info","message":"Click on the max internal memory field"}
{"level":"info","message":"Enter max memory"}
{"level":"info","message":"Submit internal memory filter"}
{"level":"info","message":"Click on the free delivery option"}
{"level":"info","message":"Click on mas tarde message"}
{"level":"info","message":"Click on first result"}
{"level":"info","message":"Click on first result"}
{"level":"info","message":"Click on ingresar button"}
{"level":"info","message":"Gets login request message"}
{"level":"info","message":"Click on search bar"}
{"level":"info","message":"Enter keyword"}
{"level":"info","message":"Press enter to search"}
{"level":"info","message":"Click on the min internal memory field"}
{"level":"info","message":"Enter min memory"}
{"level":"info","message":"Click on the max internal memory field"}
{"level":"info","message":"Enter max memory"}
{"level":"info","message":"Submit internal memory filter"}
{"level":"info","message":"Click on the free delivery option"}
{"level":"info","message":"Click on mas tarde message"}
{"level":"info","message":"Click on first result"}
{"level":"info","message":"Click on first result"}
{"level":"info","message":"Click on ingresar button"}
{"level":"info","message":"Gets login request message"}
{"level":"info","message":"Click on search bar"}
{"level":"info","message":"Enter keyword"}
{"level":"info","message":"Press enter to search"}
{"level":"info","message":"Click on the min internal memory field"}
{"level":"info","message":"Enter min memory"}
{"level":"info","message":"Click on the max internal memory field"}
{"level":"info","message":"Enter max memory"}
{"level":"info","message":"Submit internal memory filter"}
{"level":"info","message":"Click on the free delivery option"}
{"level":"info","message":"Click on mas tarde message"}
{"level":"info","message":"Click on first result"}
{"level":"info","message":"Click on first result"}
{"level":"info","message":"Click on ingresar button"}
{"level":"info","message":"Gets login request message"}
{"level":"info","message":"Click on search bar"}
{"level":"info","message":"Enter keyword"}
{"level":"info","message":"Press enter to search"}
{"level":"info","message":"Click on the min internal memory field"}
{"level":"info","message":"Enter min memory"}
{"level":"info","message":"Click on the max internal memory field"}
{"level":"info","message":"Enter max memory"}
{"level":"info","message":"Submit internal memory filter"}
{"level":"info","message":"Click on the free delivery option"}
{"level":"info","message":"Click on mas tarde message"}
{"level":"info","message":"Click on first result"}
{"level":"info","message":"Click on first result"}
{"level":"info","message":"Click on ingresar button"}
{"level":"info","message":"Gets login request message"}
{"level":"info","message":"Click on search bar"}
{"level":"info","message":"Enter keyword"}
{"level":"info","message":"Press enter to search"}
{"level":"info","message":"Click on the min internal memory field"}
{"level":"info","message":"Enter min memory"}
{"level":"info","message":"Click on the max internal memory field"}
{"level":"info","message":"Enter max memory"}
{"level":"info","message":"Submit internal memory filter"}
{"level":"info","message":"Click on the free delivery option"}
{"level":"info","message":"Click on mas tarde message"}
{"level":"info","message":"Click on first result"}
{"level":"info","message":"Click on first result"}
{"level":"info","message":"Click on ingresar button"}
{"level":"info","message":"Gets login request message"}
{"level":"info","message":"Click on search bar"}
{"level":"info","message":"Enter keyword"}
{"level":"info","message":"Press enter to search"}
{"level":"info","message":"Click on the min internal memory field"}
{"level":"info","message":"Enter min memory"}
{"level":"info","message":"Click on the max internal memory field"}
{"level":"info","message":"Enter max memory"}
{"level":"info","message":"Submit internal memory filter"}
{"level":"info","message":"Click on the free delivery option"}
{"level":"info","message":"Click on mas tarde message"}
{"level":"info","message":"Click on first result"}
{"level":"info","message":"Click on first result"}
{"level":"info","message":"Click on ingresar button"}
{"level":"info","message":"Gets login request message"}
{"level":"info","message":"Click on search bar"}
{"level":"info","message":"Enter keyword"}
{"level":"info","message":"Press enter to search"}
{"level":"info","message":"Click on the min internal memory field"}
{"level":"info","message":"Enter min memory"}
{"level":"info","message":"Click on the max internal memory field"}
{"level":"info","message":"Enter max memory"}
{"level":"info","message":"Submit internal memory filter"}
{"level":"info","message":"Click on the free delivery option"}
{"level":"info","message":"Click on mas tarde message"}
{"level":"info","message":"Click on first result"}
{"level":"info","message":"Click on first result"}
{"level":"info","message":"Click on ingresar button"}
{"level":"info","message":"Gets login request message"}
{"level":"info","message":"Click on search bar"}
{"level":"info","message":"Enter keyword"}
{"level":"info","message":"Press enter to search"}
{"level":"info","message":"Click on the min internal memory field"}
{"level":"info","message":"Enter min memory"}
{"level":"info","message":"Click on the max internal memory field"}
{"level":"info","message":"Enter max memory"}
{"level":"info","message":"Submit internal memory filter"}
{"level":"info","message":"Click on the free delivery option"}
{"level":"info","message":"Click on mas tarde message"}
{"level":"info","message":"Click on first result"}
{"level":"info","message":"Click add to cart"}
{"level":"info","message":"Click on ingresar button"}
{"level":"info","message":"Gets login request message"}
{"level":"info","message":"Click on search bar"}
{"level":"info","message":"Enter keyword"}
{"level":"info","message":"Press enter to search"}
{"level":"info","message":"Click on the min internal memory field"}
{"level":"info","message":"Enter min memory"}
{"level":"info","message":"Click on the max internal memory field"}
{"level":"info","message":"Enter max memory"}
{"level":"info","message":"Submit internal memory filter"}
{"level":"info","message":"Click on the free delivery option"}
{"level":"info","message":"Click on mas tarde message"}
{"level":"info","message":"Click on first result"}
{"level":"info","message":"Click add to cart"}
{"level":"info","message":"Click on ingresar button"}
{"level":"info","message":"Gets login request message"}
{"level":"info","message":{}}
{"level":"info","message":"Click on search bar"}
{"level":"info","message":"Enter keyword"}
{"level":"info","message":"Press enter to search"}
{"level":"info","message":"Click on the min internal memory field"}
{"level":"info","message":"Enter min memory"}
{"level":"info","message":"Click on the max internal memory field"}
{"level":"info","message":"Enter max memory"}
{"level":"info","message":"Submit internal memory filter"}
{"level":"info","message":"Click on the free delivery option"}
{"level":"info","message":"Click on mas tarde message"}
{"level":"info","message":"Click on first result"}
{"level":"info","message":"Click add to cart"}
{"level":"info","message":"Click on ingresar button"}
{"level":"info","message":"Gets login request message"}
{"level":"info","message":{}}
{"level":"info","message":"Click on search bar"}
{"level":"info","message":"Enter keyword"}
{"level":"info","message":"Press enter to search"}
{"level":"info","message":"Click on the min internal memory field"}
{"level":"info","message":"Enter min memory"}
{"level":"info","message":"Click on the max internal memory field"}
{"level":"info","message":"Enter max memory"}
{"level":"info","message":"Submit internal memory filter"}
{"level":"info","message":"Click on the free delivery option"}
{"level":"info","message":"Click on mas tarde message"}
{"level":"info","message":"Click on first result"}
{"level":"info","message":"Click add to cart"}
{"level":"info","message":"Click on ingresar button"}
{"level":"info","message":"Gets login request message"}
{"level":"info","message":{}}
{"level":"info","message":"Click on search bar"}
{"level":"info","message":"Enter keyword"}
{"level":"info","message":"Press enter to search"}
{"level":"info","message":"Click on the min internal memory field"}
{"level":"info","message":"Enter min memory"}
{"level":"info","message":"Click on the max internal memory field"}
{"level":"info","message":"Enter max memory"}
{"level":"info","message":"Submit internal memory filter"}
{"level":"info","message":"Click on the free delivery option"}
{"level":"info","message":"Click on mas tarde message"}
{"level":"info","message":"Click on first result"}
{"level":"info","message":"Click add to cart"}
{"level":"info","message":"Click on ingresar button"}
{"level":"info","message":"Gets login request message"}
{"level":"info","message":{}}
{"level":"info","message":"Click on search bar"}
{"level":"info","message":"Enter keyword"}
{"level":"info","message":"Press enter to search"}
{"level":"info","message":"Click on the min internal memory field"}
{"level":"info","message":"Enter min memory"}
{"level":"info","message":"Click on the max internal memory field"}
{"level":"info","message":"Enter max memory"}
{"level":"info","message":"Submit internal memory filter"}
{"level":"info","message":"Click on the free delivery option"}
{"level":"info","message":"Click on mas tarde message"}
{"level":"info","message":"Click on first result"}
{"level":"info","message":"Click add to cart"}
{"level":"info","message":"Click on ingresar button"}
{"level":"info","message":"Gets login request message"}
{"level":"info","message":"Click on search bar"}
{"level":"info","message":"Enter keyword"}
{"level":"info","message":"Press enter to search"}
{"level":"info","message":"Click on the min internal memory field"}
{"level":"info","message":"Enter min memory"}
{"level":"info","message":"Click on the max internal memory field"}
{"level":"info","message":"Enter max memory"}
{"level":"info","message":"Submit internal memory filter"}
{"level":"info","message":"Click on the free delivery option"}
{"level":"info","message":"Click on search bar"}
{"level":"info","message":"Enter keyword"}
{"level":"info","message":"Press enter to search"}
{"level":"info","message":"Click on search bar"}
{"level":"info","message":"Click on the min internal memory field"}
{"level":"info","message":"Enter min memory"}
{"level":"info","message":"Click on search bar"}
{"level":"info","message":"Click on search bar"}
{"level":"info","message":"Click on search bar"}
{"level":"info","message":"Enter keyword"}
{"level":"info","message":"Press enter to search"}
{"level":"info","message":"Click on the max internal memory field"}
{"level":"info","message":"Enter max memory"}
{"level":"info","message":"Submit internal memory filter"}
{"level":"info","message":"Click on the min internal memory field"}
{"level":"info","message":"Click on the free delivery option"}
{"level":"info","message":"Enter keyword"}
{"level":"info","message":"Press enter to search"}
{"level":"info","message":"Enter min memory"}
{"level":"info","message":"Click on the max internal memory field"}
{"level":"info","message":"Enter max memory"}
{"level":"info","message":"Submit internal memory filter"}
{"level":"info","message":"Click on the free delivery option"}
{"level":"info","message":"Click on the min internal memory field"}
{"level":"info","message":"Enter min memory"}
{"level":"info","message":"Click on the max internal memory field"}
{"level":"info","message":"Enter max memory"}
{"level":"info","message":"Submit internal memory filter"}
{"level":"info","message":"Click on search bar"}
{"level":"info","message":"Enter keyword"}
{"level":"info","message":"Press enter to search"}
{"level":"info","message":"Click on the min internal memory field"}
{"level":"info","message":"Enter min memory"}
{"level":"info","message":"Click on the max internal memory field"}
{"level":"info","message":"Enter max memory"}
{"level":"info","message":"Submit internal memory filter"}
{"level":"info","message":"Click on the free delivery option"}
{"level":"info","message":"Click on mas tarde message"}
{"level":"info","message":"Click on first result"}
{"level":"info","message":"Click add to cart"}
{"level":"info","message":"Gets login request message"}
{"level":"info","message":{}}
{"level":"info","message":"Click on search bar"}
{"level":"info","message":"Enter keyword"}
{"level":"info","message":"Press enter to search"}
{"level":"info","message":"Click on the min internal memory field"}
{"level":"info","message":"Enter min memory"}
{"level":"info","message":"Click on the max internal memory field"}
{"level":"info","message":"Enter max memory"}
{"level":"info","message":"Submit internal memory filter"}
{"level":"info","message":"Click on the free delivery option"}
{"level":"info","message":"Click on mas tarde message"}
{"level":"info","message":"Click on first result"}
{"level":"info","message":"Click add to cart"}
{"level":"info","message":"Gets login request message"}
{"level":"info","message":{}}
{"level":"info","message":"Click on search bar"}
{"level":"info","message":"Enter keyword"}
{"level":"info","message":"Press enter to search"}
{"level":"info","message":"Click on the min internal memory field"}
{"level":"info","message":"Enter min memory"}
{"level":"info","message":"Click on the max internal memory field"}
{"level":"info","message":"Enter max memory"}
{"level":"info","message":"Submit internal memory filter"}
{"level":"info","message":"Click on the free delivery option"}
{"level":"info","message":"Click on mas tarde message"}
{"level":"info","message":"Click on first result"}
{"level":"info","message":"Click add to cart"}
{"level":"info","message":"Gets login request message"}
{"level":"info","message":{}}
{"level":"info","message":"Click on search bar"}
{"level":"info","message":"Enter keyword"}
{"level":"info","message":"Press enter to search"}
{"level":"info","message":"Click on the min internal memory field"}
{"level":"info","message":"Enter min memory"}
{"level":"info","message":"Click on the max internal memory field"}
{"level":"info","message":"Enter max memory"}
{"level":"info","message":"Submit internal memory filter"}
{"level":"info","message":"Click on the free delivery option"}
{"level":"info","message":"Click on mas tarde message"}
{"level":"info","message":"Click on first result"}
{"level":"info","message":"Click add to cart"}
{"level":"info","message":"Gets login request message"}
{"level":"info","message":{}}
{"level":"info","message":"Click on search bar"}
{"level":"info","message":"Enter keyword"}
{"level":"info","message":"Press enter to search"}
{"level":"info","message":"Click on the min internal memory field"}
{"level":"info","message":"Enter min memory"}
{"level":"info","message":"Click on the max internal memory field"}
{"level":"info","message":"Enter max memory"}
{"level":"info","message":"Submit internal memory filter"}
{"level":"info","message":"Click on the free delivery option"}
{"level":"info","message":"Click on mas tarde message"}
{"level":"info","message":"Click on first result"}
{"level":"info","message":"Click add to cart"}
{"level":"info","message":"Click on ingresar button"}
{"level":"info","message":"Gets login request message"}
{"level":"info","message":"Click on search bar"}
{"level":"info","message":"Enter keyword"}
{"level":"info","message":"Press enter to search"}
{"level":"info","message":"Click on the min internal memory field"}
{"level":"info","message":"Enter min memory"}
{"level":"info","message":"Click on the max internal memory field"}
{"level":"info","message":"Enter max memory"}
{"level":"info","message":"Submit internal memory filter"}
{"level":"info","message":"Click on the free delivery option"}
{"level":"info","message":"Click on mas tarde message"}
{"level":"info","message":"Click on first result"}
{"level":"info","message":"Click add to cart"}
{"level":"info","message":"Click on ingresar button"}
{"level":"info","message":"Gets login request message"}
{"level":"info","message":{}}
{"level":"info","message":"Click on search bar"}
{"level":"info","message":"Enter keyword"}
{"level":"info","message":"Press enter to search"}
{"level":"info","message":"Click on the min internal memory field"}
{"level":"info","message":"Enter min memory"}
{"level":"info","message":"Click on the max internal memory field"}
{"level":"info","message":"Enter max memory"}
{"level":"info","message":"Submit internal memory filter"}
{"level":"info","message":"Click on the free delivery option"}
{"level":"info","message":"Click on mas tarde message"}
{"level":"info","message":"Click on first result"}
{"level":"info","message":"Click add to cart"}
{"level":"info","message":"Click on ingresar button"}
{"level":"info","message":"Gets login request message"}
{"level":"info","message":{}}
